Stress Intervention App V2/app/build/outputs/logs/manifest-merger-debug-report.txt
-- Merging decision tree log ---
manifest
ADDED from src/main/AndroidManifest.xml:2:1-70:12
INJECTED from src/main/AndroidManifest.xml:2:1-70:12
INJECTED from src/main/AndroidManifest.xml:2:1-70:12
INJECTED from src/main/AndroidManifest.xml:2:1-70:12
MERGED from [monkeybrains-sdk-release.aar] AndroidManifest.xml:6:1-17:12
MERGED from [androidx.work:work-runtime-ktx:2.7.1] AndroidManifest.xml:17:1-24:12
MERGED from [com.google.android.material:material:1.4.0] AndroidManifest.xml:17:1-24:12
MERGED from [androidx.preference:preference:1.1.1] AndroidManifest.xml:17:1-24:12
MERGED from [androidx.viewpager2:viewpager2:1.0.0] AndroidManifest.xml:17:1-24:12
MERGED from [androidx.recyclerview:recyclerview:1.2.1] AndroidManifest.xml:17:1-24:12
MERGED from [androidx.constraintlayout:constraintlayout:2.1.3] AndroidManifest.xml:2:1-11:12
MERGED from [androidx.appcompat:appcompat:1.3.0] AndroidManifest.xml:17:1-24:12
MERGED from [androidx.work:work-runtime:2.7.1] AndroidManifest.xml:17:1-145:12
MERGED from [androidx.drawerlayout:drawerlayout:1.0.0] AndroidManifest.xml:17:1-22:12
MERGED from [androidx.coordinatorlayout:coordinatorlayout:1.1.0] AndroidManifest.xml:17:1-24:12
MERGED from [com.google.android.gms:play-services-location:18.0.0] AndroidManifest.xml:2:1-9:12
MERGED from [com.google.android.gms:play-services-base:17.5.0] AndroidManifest.xml:17:1-29:12
MERGED from [com.google.android.gms:play-services-places-placereport:17.0.0] AndroidManifest.xml:17:1-24:12
MERGED from [com.google.android.gms:play-services-tasks:17.2.0] AndroidManifest.xml:2:1-9:12
MERGED from [com.google.android.gms:play-services-basement:17.5.0] AndroidManifest.xml:17:1-28:12
MERGED from [androidx.fragment:fragment:1.3.4] AndroidManifest.xml:17:1-24:12
MERGED from [androidx.viewpager:viewpager:1.0.0] AndroidManifest.xml:17:1-22:12
MERGED from [androidx.customview:customview:1.0.0] AndroidManifest.xml:17:1-22:12
MERGED from [androidx.activity:activity:1.2.3] AndroidManifest.xml:17:1-24:12
MERGED from [androidx.appcompat:appcompat-resources:1.3.0] AndroidManifest.xml:17:1-24:12
MERGED from [androidx.dynamicanimation:dynamicanimation:1.0.0] AndroidManifest.xml:17:1-22:12
MERGED from [androidx.transition:transition:1.2.0] AndroidManifest.xml:17:1-24:12
MERGED from [androidx.vectordrawable:vectordrawable-animated:1.1.0] AndroidManifest.xml:17:1-24:12
MERGED from [androidx.vectordrawable:vectordrawable:1.1.0] AndroidManifest.xml:17:1-24:12
MERGED from [androidx.legacy:legacy-support-core-utils:1.0.0] AndroidManifest.xml:17:1-22:12
MERGED from [androidx.loader:loader:1.0.0] AndroidManifest.xml:17:1-22:12
MERGED from [androidx.core:core:1.6.0] AndroidManifest.xml:17:1-26:12
MERGED from [androidx.room:room-runtime:2.3.0] AndroidManifest.xml:17:1-31:12
MERGED from [org.tensorflow:tensorflow-lite:2.4.0] AndroidManifest.xml:2:1-12:12
MERGED from [androidx.cursoradapter:cursoradapter:1.0.0] AndroidManifest.xml:17:1-22:12
MERGED from [androidx.lifecycle:lifecycle-viewmodel-savedstate:2.3.1] AndroidManifest.xml:17:1-24:12
MERGED from [androidx.savedstate:savedstate:1.1.0] AndroidManifest.xml:17:1-24:12
MERGED from [androidx.lifecycle:lifecycle-service:2.1.0] AndroidManifest.xml:17:1-22:12
MERGED from [androidx.lifecycle:lifecycle-runtime:2.3.1] AndroidManifest.xml:17:1-24:12
MERGED from [androidx.lifecycle:lifecycle-viewmodel:2.3.1] AndroidManifest.xml:17:1-24:12
MERGED from [androidx.cardview:cardview:1.0.0] AndroidManifest.xml:17:1-22:12
MERGED from [androidx.sqlite:sqlite-framework:2.1.0] AndroidManifest.xml:17:1-24:12
MERGED from [androidx.sqlite:sqlite:2.1.0] AndroidManifest.xml:17:1-24:12
MERGED from [androidx.startup:startup-runtime:1.0.0] AndroidManifest.xml:17:1-33:12
MERGED from [androidx.tracing:tracing:1.0.0] AndroidManifest.xml:17:1-24:12
MERGED from [androidx.versionedparcelable:versionedparcelable:1.1.1] AndroidManifest.xml:17:1-27:12
MERGED from [androidx.lifecycle:lifecycle-livedata:2.1.0] AndroidManifest.xml:17:1-22:12
MERGED from [androidx.lifecycle:lifecycle-livedata-core:2.3.1] AndroidManifest.xml:17:1-24:12
MERGED from [androidx.arch.core:core-runtime:2.1.0] AndroidManifest.xml:17:1-24:12
MERGED from [androidx.interpolator:interpolator:1.0.0] AndroidManifest.xml:17:1-22:12
MERGED from [androidx.documentfile:documentfile:1.0.0] AndroidManifest.xml:17:1-22:12
MERGED from [androidx.localbroadcastmanager:localbroadcastmanager:1.0.0] AndroidManifest.xml:17:1-22:12
MERGED from [androidx.print:print:1.0.0] AndroidManifest.xml:17:1-22:12
MERGED from [androidx.annotation:annotation-experimental:1.1.0] AndroidManifest.xml:17:1-24:12
INJECTED from src/main/AndroidManifest.xml:2:1-70:12
INJECTED from src/main/AndroidManifest.xml:2:1-70:12
INJECTED from src/main/AndroidManifest.xml:2:1-70:12
	package
		ADDED from src/main/AndroidManifest.xml:4:5-61
		INJECTED from src/main/AndroidManifest.xml
		INJECTED from src/main/AndroidManifest.xml
	android:versionName
		ADDED from src/main/AndroidManifest.xml:6:5-30
		INJECTED from src/main/AndroidManifest.xml
		INJECTED from src/main/AndroidManifest.xml
	xmlns:tools
		ADDED from src/main/AndroidManifest.xml:3:5-51
	xmlns:android
		ADDED from src/main/AndroidManifest.xml:2:11-69
	android:versionCode
		ADDED from src/main/AndroidManifest.xml:5:5-28
		INJECTED from src/main/AndroidManifest.xml
		INJECTED from src/main/AndroidManifest.xml
uses-permission#android.permission.INTERNET
ADDED from src/main/AndroidManifest.xml:8:5-67
	android:name
		ADDED from src/main/AndroidManifest.xml:8:22-64
uses-permission#android.permission.VIBRATE
ADDED from src/main/AndroidManifest.xml:9:5-66
	android:name
		ADDED from src/main/AndroidManifest.xml:9:22-63
uses-permission#android.permission.ACCESS_FINE_LOCATION
ADDED from src/main/AndroidManifest.xml:10:5-79
	android:name
		ADDED from src/main/AndroidManifest.xml:10:22-76
uses-permission#android.permission.FOREGROUND_SERVICE
ADDED from src/main/AndroidManifest.xml:11:5-77
MERGED from [androidx.work:work-runtime:2.7.1] AndroidManifest.xml:28:5-77
MERGED from [androidx.work:work-runtime:2.7.1] AndroidManifest.xml:28:5-77
	android:name
		ADDED from src/main/AndroidManifest.xml:11:22-74
uses-permission#android.permission.ACCESS_COARSE_LOCATION
ADDED from src/main/AndroidManifest.xml:12:5-81
	android:name
		ADDED from src/main/AndroidManifest.xml:12:22-78
uses-permission#android.permission.ACCESS_BACKGROUND_LOCATION
ADDED from src/main/AndroidManifest.xml:13:5-85
	android:name
		ADDED from src/main/AndroidManifest.xml:13:22-82
uses-permission#android.hardware.sensor.accelerometer
ADDED from src/main/AndroidManifest.xml:14:5-16:35
	android:required
		ADDED from src/main/AndroidManifest.xml:16:9-32
	android:name
		ADDED from src/main/AndroidManifest.xml:15:9-61
uses-permission#android.permission.PACKAGE_USAGE_STATS
ADDED from src/main/AndroidManifest.xml:17:5-19:47
	tools:ignore
		ADDED from src/main/AndroidManifest.xml:19:9-44
	android:name
		ADDED from src/main/AndroidManifest.xml:18:9-62
application
ADDED from src/main/AndroidManifest.xml:21:5-68:19
MERGED from [com.google.android.material:material:1.4.0] AndroidManifest.xml:22:5-20
MERGED from [com.google.android.material:material:1.4.0] AndroidManifest.xml:22:5-20
MERGED from [androidx.constraintlayout:constraintlayout:2.1.3] AndroidManifest.xml:9:5-20
MERGED from [androidx.constraintlayout:constraintlayout:2.1.3] AndroidManifest.xml:9:5-20
MERGED from [androidx.work:work-runtime:2.7.1] AndroidManifest.xml:30:5-143:19
MERGED from [androidx.work:work-runtime:2.7.1] AndroidManifest.xml:30:5-143:19
MERGED from [com.google.android.gms:play-services-location:18.0.0] AndroidManifest.xml:7:5-20
MERGED from [com.google.android.gms:play-services-location:18.0.0] AndroidManifest.xml:7:5-20
MERGED from [com.google.android.gms:play-services-base:17.5.0] AndroidManifest.xml:22:5-27:19
MERGED from [com.google.android.gms:play-services-base:17.5.0] AndroidManifest.xml:22:5-27:19
MERGED from [com.google.android.gms:play-services-places-placereport:17.0.0] AndroidManifest.xml:22:5-20
MERGED from [com.google.android.gms:play-services-places-placereport:17.0.0] AndroidManifest.xml:22:5-20
MERGED from [com.google.android.gms:play-services-tasks:17.2.0] AndroidManifest.xml:7:5-20
MERGED from [com.google.android.gms:play-services-tasks:17.2.0] AndroidManifest.xml:7:5-20
MERGED from [com.google.android.gms:play-services-basement:17.5.0] AndroidManifest.xml:22:5-26:19
MERGED from [com.google.android.gms:play-services-basement:17.5.0] AndroidManifest.xml:22:5-26:19
MERGED from [androidx.core:core:1.6.0] AndroidManifest.xml:24:5-89
MERGED from [androidx.core:core:1.6.0] AndroidManifest.xml:24:5-89
MERGED from [androidx.room:room-runtime:2.3.0] AndroidManifest.xml:24:5-29:19
MERGED from [androidx.room:room-runtime:2.3.0] AndroidManifest.xml:24:5-29:19
MERGED from [org.tensorflow:tensorflow-lite:2.4.0] AndroidManifest.xml:10:5-20
MERGED from [org.tensorflow:tensorflow-lite:2.4.0] AndroidManifest.xml:10:5-20
MERGED from [androidx.startup:startup-runtime:1.0.0] AndroidManifest.xml:25:5-31:19
MERGED from [androidx.startup:startup-runtime:1.0.0] AndroidManifest.xml:25:5-31:19
MERGED from [androidx.versionedparcelable:versionedparcelable:1.1.1] AndroidManifest.xml:24:5-25:19
MERGED from [androidx.versionedparcelable:versionedparcelable:1.1.1] AndroidManifest.xml:24:5-25:19
	android:appComponentFactory
		ADDED from [androidx.core:core:1.6.0] AndroidManifest.xml:24:18-86
	android:label
		ADDED from src/main/AndroidManifest.xml:25:9-41
	android:icon
		ADDED from src/main/AndroidManifest.xml:24:9-43
	android:allowBackup
		ADDED from src/main/AndroidManifest.xml:23:9-35
	android:theme
		ADDED from src/main/AndroidManifest.xml:26:9-40
	android:name
		ADDED from src/main/AndroidManifest.xml:22:9-89
service#com.garmin.android.apps.connectiq.sample.comm2.Service.LocationService
ADDED from src/main/AndroidManifest.xml:27:9-30:39
	android:enabled
		ADDED from src/main/AndroidManifest.xml:29:13-35
	android:exported
		ADDED from src/main/AndroidManifest.xml:30:13-36
	android:name
		ADDED from src/main/AndroidManifest.xml:28:13-98
service#com.garmin.android.apps.connectiq.sample.comm2.Service.FeatureService
ADDED from src/main/AndroidManifest.xml:31:9-34:39
	android:enabled
		ADDED from src/main/AndroidManifest.xml:33:13-35
	android:exported
		ADDED from src/main/AndroidManifest.xml:34:13-36
	android:name
		ADDED from src/main/AndroidManifest.xml:32:13-97
service#com.garmin.android.apps.connectiq.sample.comm2.Service.TimerService
ADDED from src/main/AndroidManifest.xml:35:9-37:39
	android:enabled
		ADDED from src/main/AndroidManifest.xml:36:13-35
	android:exported
		ADDED from src/main/AndroidManifest.xml:37:13-36
	android:name
		ADDED from src/main/AndroidManifest.xml:35:18-100
service#com.garmin.android.apps.connectiq.sample.comm2.Service.ScreenService
ADDED from src/main/AndroidManifest.xml:38:9-40:38
	android:enabled
		ADDED from src/main/AndroidManifest.xml:40:13-35
	android:exported
		ADDED from src/main/AndroidManifest.xml:39:13-36
	android:name
		ADDED from src/main/AndroidManifest.xml:38:18-101
activity#com.garmin.android.apps.connectiq.sample.comm2.activities.SensorActivity
ADDED from src/main/AndroidManifest.xml:41:9-43:40
	android:exported
		ADDED from src/main/AndroidManifest.xml:43:13-37
	android:name
		ADDED from src/main/AndroidManifest.xml:42:13-100
activity#com.garmin.android.apps.connectiq.sample.comm2.activities.InterventionActivity
ADDED from src/main/AndroidManifest.xml:44:9-48:39
	android:excludeFromRecents
		ADDED from src/main/AndroidManifest.xml:46:13-46
	android:launchMode
		ADDED from src/main/AndroidManifest.xml:47:13-44
	android:taskAffinity
		ADDED from src/main/AndroidManifest.xml:48:13-36
	android:name
		ADDED from src/main/AndroidManifest.xml:45:13-106
activity#com.garmin.android.apps.connectiq.sample.comm2.activities.InterventionActivity2
ADDED from src/main/AndroidManifest.xml:49:9-53:39
	android:excludeFromRecents
		ADDED from src/main/AndroidManifest.xml:51:13-46
	android:launchMode
		ADDED from src/main/AndroidManifest.xml:52:13-44
	android:taskAffinity
		ADDED from src/main/AndroidManifest.xml:53:13-36
	android:name
		ADDED from src/main/AndroidManifest.xml:50:13-107
activity#com.garmin.android.apps.connectiq.sample.comm2.activities.EMAActivity
ADDED from src/main/AndroidManifest.xml:54:9-58:39
	android:excludeFromRecents
		ADDED from src/main/AndroidManifest.xml:56:13-46
	android:launchMode
		ADDED from src/main/AndroidManifest.xml:57:13-44
	android:taskAffinity
		ADDED from src/main/AndroidManifest.xml:58:13-36
	android:name
		ADDED from src/main/AndroidManifest.xml:55:13-97
activity#com.garmin.android.apps.connectiq.sample.comm2.activities.MainActivity
ADDED from src/main/AndroidManifest.xml:59:9-67:20
	android:exported
		ADDED from src/main/AndroidManifest.xml:61:13-36
	android:name
		ADDED from src/main/AndroidManifest.xml:60:13-98
intent-filter#action:name:android.intent.action.MAIN+category:name:android.intent.category.LAUNCHER
ADDED from src/main/AndroidManifest.xml:62:13-66:29
action#android.intent.action.MAIN
ADDED from src/main/AndroidManifest.xml:63:17-69
	android:name
		ADDED from src/main/AndroidManifest.xml:63:25-66
category#android.intent.category.LAUNCHER
ADDED from src/main/AndroidManifest.xml:65:17-77
	android:name
		ADDED from src/main/AndroidManifest.xml:65:27-74
uses-sdk
INJECTED from src/main/AndroidManifest.xml reason: use-sdk injection requested
INJECTED from src/main/AndroidManifest.xml
INJECTED from src/main/AndroidManifest.xml
MERGED from [monkeybrains-sdk-release.aar] AndroidManifest.xml:9:5-11:41
MERGED from [monkeybrains-sdk-release.aar] AndroidManifest.xml:9:5-11:41
MERGED from [androidx.work:work-runtime-ktx:2.7.1] AndroidManifest.xml:20:5-22:41
MERGED from [androidx.work:work-runtime-ktx:2.7.1] AndroidManifest.xml:20:5-22:41
MERGED from [com.google.android.material:material:1.4.0] AndroidManifest.xml:20:5-44
MERGED from [com.google.android.material:material:1.4.0] AndroidManifest.xml:20:5-44
MERGED from [androidx.preference:preference:1.1.1] AndroidManifest.xml:20:5-22:41
MERGED from [androidx.preference:preference:1.1.1] AndroidManifest.xml:20:5-22:41
MERGED from [androidx.viewpager2:viewpager2:1.0.0] AndroidManifest.xml:20:5-22:41
MERGED from [androidx.viewpager2:viewpager2:1.0.0] AndroidManifest.xml:20:5-22:41
MERGED from [androidx.recyclerview:recyclerview:1.2.1] AndroidManifest.xml:20:5-22:41
MERGED from [androidx.recyclerview:recyclerview:1.2.1] AndroidManifest.xml:20:5-22:41
MERGED from [androidx.constraintlayout:constraintlayout:2.1.3] AndroidManifest.xml:5:5-7:41
MERGED from [androidx.constraintlayout:constraintlayout:2.1.3] AndroidManifest.xml:5:5-7:41
MERGED from [androidx.appcompat:appcompat:1.3.0] AndroidManifest.xml:20:5-22:41
MERGED from [androidx.appcompat:appcompat:1.3.0] AndroidManifest.xml:20:5-22:41
MERGED from [androidx.work:work-runtime:2.7.1] AndroidManifest.xml:21:5-23:41
MERGED from [androidx.work:work-runtime:2.7.1] AndroidManifest.xml:21:5-23:41
MERGED from [androidx.drawerlayout:drawerlayout:1.0.0] AndroidManifest.xml:20:5-44
MERGED from [androidx.drawerlayout:drawerlayout:1.0.0] AndroidManifest.xml:20:5-44
MERGED from [androidx.coordinatorlayout:coordinatorlayout:1.1.0] AndroidManifest.xml:20:5-22:41
MERGED from [androidx.coordinatorlayout:coordinatorlayout:1.1.0] AndroidManifest.xml:20:5-22:41
MERGED from [com.google.android.gms:play-services-location:18.0.0] AndroidManifest.xml:5:5-44
MERGED from [com.google.android.gms:play-services-location:18.0.0] AndroidManifest.xml:5:5-44
MERGED from [com.google.android.gms:play-services-base:17.5.0] AndroidManifest.xml:20:5-44
MERGED from [com.google.android.gms:play-services-base:17.5.0] AndroidManifest.xml:20:5-44
MERGED from [com.google.android.gms:play-services-places-placereport:17.0.0] AndroidManifest.xml:20:5-44
MERGED from [com.google.android.gms:play-services-places-placereport:17.0.0] AndroidManifest.xml:20:5-44
MERGED from [com.google.android.gms:play-services-tasks:17.2.0] AndroidManifest.xml:5:5-44
MERGED from [com.google.android.gms:play-services-tasks:17.2.0] AndroidManifest.xml:5:5-44
MERGED from [com.google.android.gms:play-services-basement:17.5.0] AndroidManifest.xml:20:5-44
MERGED from [com.google.android.gms:play-services-basement:17.5.0] AndroidManifest.xml:20:5-44
MERGED from [androidx.fragment:fragment:1.3.4] AndroidManifest.xml:20:5-22:41
MERGED from [androidx.fragment:fragment:1.3.4] AndroidManifest.xml:20:5-22:41
MERGED from [androidx.viewpager:viewpager:1.0.0] AndroidManifest.xml:20:5-44
MERGED from [androidx.viewpager:viewpager:1.0.0] AndroidManifest.xml:20:5-44
MERGED from [androidx.customview:customview:1.0.0] AndroidManifest.xml:20:5-44
MERGED from [androidx.customview:customview:1.0.0] AndroidManifest.xml:20:5-44
MERGED from [androidx.activity:activity:1.2.3] AndroidManifest.xml:20:5-22:41
MERGED from [androidx.activity:activity:1.2.3] AndroidManifest.xml:20:5-22:41
MERGED from [androidx.appcompat:appcompat-resources:1.3.0] AndroidManifest.xml:20:5-22:41
MERGED from [androidx.appcompat:appcompat-resources:1.3.0] AndroidManifest.xml:20:5-22:41
MERGED from [androidx.dynamicanimation:dynamicanimation:1.0.0] AndroidManifest.xml:20:5-44
MERGED from [androidx.dynamicanimation:dynamicanimation:1.0.0] AndroidManifest.xml:20:5-44
MERGED from [androidx.transition:transition:1.2.0] AndroidManifest.xml:20:5-22:41
MERGED from [androidx.transition:transition:1.2.0] AndroidManifest.xml:20:5-22:41
MERGED from [androidx.vectordrawable:vectordrawable-animated:1.1.0] AndroidManifest.xml:20:5-22:41
MERGED from [androidx.vectordrawable:vectordrawable-animated:1.1.0] AndroidManifest.xml:20:5-22:41
MERGED from [androidx.vectordrawable:vectordrawable:1.1.0] AndroidManifest.xml:20:5-22:41
MERGED from [androidx.vectordrawable:vectordrawable:1.1.0] AndroidManifest.xml:20:5-22:41
MERGED from [androidx.legacy:legacy-support-core-utils:1.0.0] AndroidManifest.xml:20:5-44
MERGED from [androidx.legacy:legacy-support-core-utils:1.0.0] AndroidManifest.xml:20:5-44
MERGED from [androidx.loader:loader:1.0.0] AndroidManifest.xml:20:5-44
MERGED from [androidx.loader:loader:1.0.0] AndroidManifest.xml:20:5-44
MERGED from [androidx.core:core:1.6.0] AndroidManifest.xml:20:5-22:41
MERGED from [androidx.core:core:1.6.0] AndroidManifest.xml:20:5-22:41
MERGED from [androidx.room:room-runtime:2.3.0] AndroidManifest.xml:20:5-22:41
MERGED from [androidx.room:room-runtime:2.3.0] AndroidManifest.xml:20:5-22:41
MERGED from [org.tensorflow:tensorflow-lite:2.4.0] AndroidManifest.xml:7:5-8:41
MERGED from [org.tensorflow:tensorflow-lite:2.4.0] AndroidManifest.xml:7:5-8:41
MERGED from [androidx.cursoradapter:cursoradapter:1.0.0] AndroidManifest.xml:20:5-44
MERGED from [androidx.cursoradapter:cursoradapter:1.0.0] AndroidManifest.xml:20:5-44
MERGED from [androidx.lifecycle:lifecycle-viewmodel-savedstate:2.3.1] AndroidManifest.xml:20:5-22:41
MERGED from [androidx.lifecycle:lifecycle-viewmodel-savedstate:2.3.1] AndroidManifest.xml:20:5-22:41
MERGED from [androidx.savedstate:savedstate:1.1.0] AndroidManifest.xml:20:5-22:41
MERGED from [androidx.savedstate:savedstate:1.1.0] AndroidManifest.xml:20:5-22:41
MERGED from [androidx.lifecycle:lifecycle-service:2.1.0] AndroidManifest.xml:20:5-44
MERGED from [androidx.lifecycle:lifecycle-service:2.1.0] AndroidManifest.xml:20:5-44
MERGED from [androidx.lifecycle:lifecycle-runtime:2.3.1] AndroidManifest.xml:20:5-22:41
MERGED from [androidx.lifecycle:lifecycle-runtime:2.3.1] AndroidManifest.xml:20:5-22:41
MERGED from [androidx.lifecycle:lifecycle-viewmodel:2.3.1] AndroidManifest.xml:20:5-22:41
MERGED from [androidx.lifecycle:lifecycle-viewmodel:2.3.1] AndroidManifest.xml:20:5-22:41
MERGED from [androidx.cardview:cardview:1.0.0] AndroidManifest.xml:20:5-44
MERGED from [androidx.cardview:cardview:1.0.0] AndroidManifest.xml:20:5-44
MERGED from [androidx.sqlite:sqlite-framework:2.1.0] AndroidManifest.xml:20:5-22:41
MERGED from [androidx.sqlite:sqlite-framework:2.1.0] AndroidManifest.xml:20:5-22:41
MERGED from [androidx.sqlite:sqlite:2.1.0] AndroidManifest.xml:20:5-22:41
MERGED from [androidx.sqlite:sqlite:2.1.0] AndroidManifest.xml:20:5-22:41
MERGED from [androidx.startup:startup-runtime:1.0.0] AndroidManifest.xml:21:5-23:41
MERGED from [androidx.startup:startup-runtime:1.0.0] AndroidManifest.xml:21:5-23:41
MERGED from [androidx.tracing:tracing:1.0.0] AndroidManifest.xml:20:5-22:41
MERGED from [androidx.tracing:tracing:1.0.0] AndroidManifest.xml:20:5-22:41
MERGED from [androidx.versionedparcelable:versionedparcelable:1.1.1] AndroidManifest.xml:20:5-22:41
MERGED from [androidx.versionedparcelable:versionedparcelable:1.1.1] AndroidManifest.xml:20:5-22:41
MERGED from [androidx.lifecycle:lifecycle-livedata:2.1.0] AndroidManifest.xml:20:5-44
MERGED from [androidx.lifecycle:lifecycle-livedata:2.1.0] AndroidManifest.xml:20:5-44
MERGED from [androidx.lifecycle:lifecycle-livedata-core:2.3.1] AndroidManifest.xml:20:5-22:41
MERGED from [androidx.lifecycle:lifecycle-livedata-core:2.3.1] AndroidManifest.xml:20:5-22:41
MERGED from [androidx.arch.core:core-runtime:2.1.0] AndroidManifest.xml:20:5-22:41
MERGED from [androidx.arch.core:core-runtime:2.1.0] AndroidManifest.xml:20:5-22:41
MERGED from [androidx.interpolator:interpolator:1.0.0] AndroidManifest.xml:20:5-44
MERGED from [androidx.interpolator:interpolator:1.0.0] AndroidManifest.xml:20:5-44
MERGED from [androidx.documentfile:documentfile:1.0.0] AndroidManifest.xml:20:5-44
MERGED from [androidx.documentfile:documentfile:1.0.0] AndroidManifest.xml:20:5-44
MERGED from [androidx.localbroadcastmanager:localbroadcastmanager:1.0.0] AndroidManifest.xml:20:5-44
MERGED from [androidx.localbroadcastmanager:localbroadcastmanager:1.0.0] AndroidManifest.xml:20:5-44
MERGED from [androidx.print:print:1.0.0] AndroidManifest.xml:20:5-44
MERGED from [androidx.print:print:1.0.0] AndroidManifest.xml:20:5-44
MERGED from [androidx.annotation:annotation-experimental:1.1.0] AndroidManifest.xml:20:5-22:41
MERGED from [androidx.annotation:annotation-experimental:1.1.0] AndroidManifest.xml:20:5-22:41
INJECTED from src/main/AndroidManifest.xml
INJECTED from src/main/AndroidManifest.xml
	android:targetSdkVersion
		INJECTED from src/main/AndroidManifest.xml
		ADDED from src/main/AndroidManifest.xml
		INJECTED from src/main/AndroidManifest.xml
	android:minSdkVersion
		INJECTED from src/main/AndroidManifest.xml
		ADDED from src/main/AndroidManifest.xml
		MERGED from src/main/AndroidManifest.xml
		INJECTED from src/main/AndroidManifest.xml
queries
ADDED from [monkeybrains-sdk-release.aar] AndroidManifest.xml:13:5-15:15
package#com.garmin.android.apps.connectmobile
ADDED from [monkeybrains-sdk-release.aar] AndroidManifest.xml:14:9-73
	android:name
		ADDED from [monkeybrains-sdk-release.aar] AndroidManifest.xml:14:18-70
uses-permission#android.permission.WAKE_LOCK
ADDED from [androidx.work:work-runtime:2.7.1] AndroidManifest.xml:25:5-68
	android:name
		ADDED from [androidx.work:work-runtime:2.7.1] AndroidManifest.xml:25:22-65
uses-permission#android.permission.ACCESS_NETWORK_STATE
ADDED from [androidx.work:work-runtime:2.7.1] AndroidManifest.xml:26:5-79
	android:name
		ADDED from [androidx.work:work-runtime:2.7.1] AndroidManifest.xml:26:22-76
uses-permission#android.permission.RECEIVE_BOOT_COMPLETED
ADDED from [androidx.work:work-runtime:2.7.1] AndroidManifest.xml:27:5-81
	android:name
		ADDED from [androidx.work:work-runtime:2.7.1] AndroidManifest.xml:27:22-78
provider#androidx.startup.InitializationProvider
ADDED from [androidx.work:work-runtime:2.7.1] AndroidManifest.xml:31:9-39:20
MERGED from [androidx.startup:startup-runtime:1.0.0] AndroidManifest.xml:26:9-30:34
MERGED from [androidx.startup:startup-runtime:1.0.0] AndroidManifest.xml:26:9-30:34
	tools:node
		ADDED from [androidx.work:work-runtime:2.7.1] AndroidManifest.xml:35:13-31
	android:authorities
		ADDED from [androidx.work:work-runtime:2.7.1] AndroidManifest.xml:33:13-68
	android:exported
		ADDED from [androidx.work:work-runtime:2.7.1] AndroidManifest.xml:34:13-37
	android:name
		ADDED from [androidx.work:work-runtime:2.7.1] AndroidManifest.xml:32:13-67
meta-data#androidx.work.WorkManagerInitializer
ADDED from [androidx.work:work-runtime:2.7.1] AndroidManifest.xml:36:13-38:52
	android:value
		ADDED from [androidx.work:work-runtime:2.7.1] AndroidManifest.xml:38:17-49
	android:name
		ADDED from [androidx.work:work-runtime:2.7.1] AndroidManifest.xml:37:17-68
service#androidx.work.impl.background.systemalarm.SystemAlarmService
ADDED from [androidx.work:work-runtime:2.7.1] AndroidManifest.xml:41:9-46:35
	android:enabled
		ADDED from [androidx.work:work-runtime:2.7.1] AndroidManifest.xml:44:13-72
	android:exported
		ADDED from [androidx.work:work-runtime:2.7.1] AndroidManifest.xml:45:13-37
	tools:targetApi
		ADDED from [androidx.work:work-runtime:2.7.1] AndroidManifest.xml:46:13-32
	android:directBootAware
		ADDED from [androidx.work:work-runtime:2.7.1] AndroidManifest.xml:43:13-44
	android:name
		ADDED from [androidx.work:work-runtime:2.7.1] AndroidManifest.xml:42:13-88
service#androidx.work.impl.background.systemjob.SystemJobService
ADDED from [androidx.work:work-runtime:2.7.1] AndroidManifest.xml:47:9-53:35
	android:enabled
		ADDED from [androidx.work:work-runtime:2.7.1] AndroidManifest.xml:50:13-70
	android:exported
		ADDED from [androidx.work:work-runtime:2.7.1] AndroidManifest.xml:51:13-36
	android:permission
		ADDED from [androidx.work:work-runtime:2.7.1] AndroidManifest.xml:52:13-69
	tools:targetApi
		ADDED from [androidx.work:work-runtime:2.7.1] AndroidManifest.xml:53:13-32
	android:directBootAware
		ADDED from [androidx.work:work-runtime:2.7.1] AndroidManifest.xml:49:13-44
	android:name
		ADDED from [androidx.work:work-runtime:2.7.1] AndroidManifest.xml:48:13-84
service#androidx.work.impl.foreground.SystemForegroundService
ADDED from [androidx.work:work-runtime:2.7.1] AndroidManifest.xml:54:9-59:35
	android:enabled
		ADDED from [androidx.work:work-runtime:2.7.1] AndroidManifest.xml:57:13-77
	android:exported
		ADDED from [androidx.work:work-runtime:2.7.1] AndroidManifest.xml:58:13-37
	tools:targetApi
		ADDED from [androidx.work:work-runtime:2.7.1] AndroidManifest.xml:59:13-32
	android:directBootAware
		ADDED from [androidx.work:work-runtime:2.7.1] AndroidManifest.xml:56:13-44
	android:name
		ADDED from [androidx.work:work-runtime:2.7.1] AndroidManifest.xml:55:13-81
receiver#androidx.work.impl.utils.ForceStopRunnable$BroadcastReceiver
ADDED from [androidx.work:work-runtime:2.7.1] AndroidManifest.xml:61:9-66:35
	android:enabled
		ADDED from [androidx.work:work-runtime:2.7.1] AndroidManifest.xml:64:13-35
	android:exported
		ADDED from [androidx.work:work-runtime:2.7.1] AndroidManifest.xml:65:13-37
	tools:targetApi
		ADDED from [androidx.work:work-runtime:2.7.1] AndroidManifest.xml:66:13-32
	android:directBootAware
		ADDED from [androidx.work:work-runtime:2.7.1] AndroidManifest.xml:63:13-44
	android:name
		ADDED from [androidx.work:work-runtime:2.7.1] AndroidManifest.xml:62:13-88
receiver#androidx.work.impl.background.systemalarm.ConstraintProxy$BatteryChargingProxy
ADDED from [androidx.work:work-runtime:2.7.1] AndroidManifest.xml:67:9-77:20
	android:enabled
		ADDED from [androidx.work:work-runtime:2.7.1] AndroidManifest.xml:70:13-36
	android:exported
		ADDED from [androidx.work:work-runtime:2.7.1] AndroidManifest.xml:71:13-37
	tools:targetApi
		ADDED from [androidx.work:work-runtime:2.7.1] AndroidManifest.xml:72:13-32
	android:directBootAware
		ADDED from [androidx.work:work-runtime:2.7.1] AndroidManifest.xml:69:13-44
	android:name
		ADDED from [androidx.work:work-runtime:2.7.1] AndroidManifest.xml:68:13-106
intent-filter#action:name:android.intent.action.ACTION_POWER_CONNECTED+action:name:android.intent.action.ACTION_POWER_DISCONNECTED
ADDED from [androidx.work:work-runtime:2.7.1] AndroidManifest.xml:73:13-76:29
action#android.intent.action.ACTION_POWER_CONNECTED
ADDED from [androidx.work:work-runtime:2.7.1] AndroidManifest.xml:74:17-87
	android:name
		ADDED from [androidx.work:work-runtime:2.7.1] AndroidManifest.xml:74:25-84
action#android.intent.action.ACTION_POWER_DISCONNECTED
ADDED from [androidx.work:work-runtime:2.7.1] AndroidManifest.xml:75:17-90
	android:name
		ADDED from [androidx.work:work-runtime:2.7.1] AndroidManifest.xml:75:25-87
receiver#androidx.work.impl.background.systemalarm.ConstraintProxy$BatteryNotLowProxy
ADDED from [androidx.work:work-runtime:2.7.1] AndroidManifest.xml:78:9-88:20
	android:enabled
		ADDED from [androidx.work:work-runtime:2.7.1] AndroidManifest.xml:81:13-36
	android:exported
		ADDED from [androidx.work:work-runtime:2.7.1] AndroidManifest.xml:82:13-37
	tools:targetApi
		ADDED from [androidx.work:work-runtime:2.7.1] AndroidManifest.xml:83:13-32
	android:directBootAware
		ADDED from [androidx.work:work-runtime:2.7.1] AndroidManifest.xml:80:13-44
	android:name
		ADDED from [androidx.work:work-runtime:2.7.1] AndroidManifest.xml:79:13-104
intent-filter#action:name:android.intent.action.BATTERY_LOW+action:name:android.intent.action.BATTERY_OKAY
ADDED from [androidx.work:work-runtime:2.7.1] AndroidManifest.xml:84:13-87:29
action#android.intent.action.BATTERY_OKAY
ADDED from [androidx.work:work-runtime:2.7.1] AndroidManifest.xml:85:17-77
	android:name
		ADDED from [androidx.work:work-runtime:2.7.1] AndroidManifest.xml:85:25-74
action#android.intent.action.BATTERY_LOW
ADDED from [androidx.work:work-runtime:2.7.1] AndroidManifest.xml:86:17-76
	android:name
		ADDED from [androidx.work:work-runtime:2.7.1] AndroidManifest.xml:86:25-73
receiver#androidx.work.impl.background.systemalarm.ConstraintProxy$StorageNotLowProxy
ADDED from [androidx.work:work-runtime:2.7.1] AndroidManifest.xml:89:9-99:20
	android:enabled
		ADDED from [androidx.work:work-runtime:2.7.1] AndroidManifest.xml:92:13-36
	android:exported
		ADDED from [androidx.work:work-runtime:2.7.1] AndroidManifest.xml:93:13-37
	tools:targetApi
		ADDED from [androidx.work:work-runtime:2.7.1] AndroidManifest.xml:94:13-32
	android:directBootAware